0 info it worked if it ends with ok
1 verbose cli [ '/usr/bin/nodejs',
1 verbose cli   '/usr/bin/npm',
1 verbose cli   'install',
1 verbose cli   'node-dash-button' ]
2 info using npm@1.4.21
3 info using node@v0.10.29
4 verbose cache add [ 'node-dash-button', null ]
5 verbose cache add name=undefined spec="node-dash-button" args=["node-dash-button",null]
6 verbose parsed url { protocol: null,
6 verbose parsed url   slashes: null,
6 verbose parsed url   auth: null,
6 verbose parsed url   host: null,
6 verbose parsed url   port: null,
6 verbose parsed url   hostname: null,
6 verbose parsed url   hash: null,
6 verbose parsed url   search: null,
6 verbose parsed url   query: null,
6 verbose parsed url   pathname: 'node-dash-button',
6 verbose parsed url   path: 'node-dash-button',
6 verbose parsed url   href: 'node-dash-button' }
7 silly lockFile 05d45331-node-dash-button node-dash-button
8 verbose lock node-dash-button /home/pi/.npm/05d45331-node-dash-button.lock
9 silly lockFile 05d45331-node-dash-button node-dash-button
10 silly lockFile 05d45331-node-dash-button node-dash-button
11 verbose addNamed [ 'node-dash-button', '' ]
12 verbose addNamed [ null, '*' ]
13 silly lockFile b73e841c-node-dash-button node-dash-button@
14 verbose lock node-dash-button@ /home/pi/.npm/b73e841c-node-dash-button.lock
15 silly addNameRange { name: 'node-dash-button', range: '*', hasData: false }
16 verbose request where is /node-dash-button
17 verbose request registry https://registry.npmjs.org/
18 verbose request id 7d00a6b5e0f18cba
19 verbose url raw /node-dash-button
20 verbose url resolving [ 'https://registry.npmjs.org/', './node-dash-button' ]
21 verbose url resolved https://registry.npmjs.org/node-dash-button
22 verbose request where is https://registry.npmjs.org/node-dash-button
23 info trying registry request attempt 1 at 20:47:41
24 verbose etag W/"57e3f106-7e8e"
25 http GET https://registry.npmjs.org/node-dash-button
26 http 304 https://registry.npmjs.org/node-dash-button
27 silly registry.get cb [ 304,
27 silly registry.get   { date: 'Sun, 20 Nov 2016 04:47:41 GMT',
27 silly registry.get     via: '1.1 varnish',
27 silly registry.get     'cache-control': 'max-age=300',
27 silly registry.get     etag: 'W/"57e3f106-7e8e"',
27 silly registry.get     age: '0',
27 silly registry.get     connection: 'keep-alive',
27 silly registry.get     'x-served-by': 'cache-sjc3641-SJC',
27 silly registry.get     'x-cache': 'HIT',
27 silly registry.get     'x-cache-hits': '1',
27 silly registry.get     'x-timer': 'S1479617261.529292,VS0,VE19',
27 silly registry.get     vary: 'Accept-Encoding' } ]
28 verbose etag https://registry.npmjs.org/node-dash-button from cache
29 silly addNameRange number 2 { name: 'node-dash-button', range: '*', hasData: true }
30 silly addNameRange versions [ 'node-dash-button',
30 silly addNameRange   [ '0.0.1',
30 silly addNameRange     '0.0.11',
30 silly addNameRange     '0.0.12',
30 silly addNameRange     '0.1.0',
30 silly addNameRange     '0.1.1',
30 silly addNameRange     '0.1.5',
30 silly addNameRange     '0.2.0',
30 silly addNameRange     '0.2.5',
30 silly addNameRange     '0.2.6',
30 silly addNameRange     '0.3.0',
30 silly addNameRange     '0.4.0',
30 silly addNameRange     '0.5.0',
30 silly addNameRange     '0.5.5',
30 silly addNameRange     '0.6.0',
30 silly addNameRange     '0.6.1' ] ]
31 verbose addNamed [ 'node-dash-button', '0.6.1' ]
32 verbose addNamed [ '0.6.1', '0.6.1' ]
33 silly lockFile 4ff24e0b-node-dash-button-0-6-1 node-dash-button@0.6.1
34 verbose lock node-dash-button@0.6.1 /home/pi/.npm/4ff24e0b-node-dash-button-0-6-1.lock
35 silly lockFile 4ff24e0b-node-dash-button-0-6-1 node-dash-button@0.6.1
36 silly lockFile 4ff24e0b-node-dash-button-0-6-1 node-dash-button@0.6.1
37 silly lockFile b73e841c-node-dash-button node-dash-button@
38 silly lockFile b73e841c-node-dash-button node-dash-button@
39 silly resolved [ { name: 'node-dash-button',
39 silly resolved     version: '0.6.1',
39 silly resolved     description: 'a module for integrating amazon dash button presses into a node project',
39 silly resolved     main: 'index.js',
39 silly resolved     scripts:
39 silly resolved      { livetest: 'istanbul cover ./node_modules/mocha/bin/_mocha test/test-live.js --report lcovonly -- -R spec && cat ./coverage/lcov.info | ./node_modules/coveralls/bin/coveralls.js && rm -rf ./coverage',
39 silly resolved        test: 'istanbul cover ./node_modules/mocha/bin/_mocha test/test.js --report lcovonly -- -R spec && cat ./coverage/lcov.info | ./node_modules/coveralls/bin/coveralls.js && rm -rf ./coverage' },
39 silly resolved     bin: { findbutton: './bin/findbutton' },
39 silly resolved     repository:
39 silly resolved      { type: 'git',
39 silly resolved        url: 'git+https://github.com/hortinstein/node-dash-button.git' },
39 silly resolved     keywords: [ 'amazon', 'amazon-dash', 'dash', 'button', 'arp' ],
39 silly resolved     author: { name: 'hortinstein' },
39 silly resolved     license: 'MIT',
39 silly resolved     bugs: { url: 'https://github.com/hortinstein/node-dash-button/issues' },
39 silly resolved     homepage: 'https://github.com/hortinstein/node-dash-button',
39 silly resolved     dependencies:
39 silly resolved      { pcap: 'git+https://github.com/mranney/node_pcap.git',
39 silly resolved        underscore: '^1.8.3' },
39 silly resolved     devDependencies:
39 silly resolved      { arpjs: '^1.0.0',
39 silly resolved        autochecker: '^0.5.1',
39 silly resolved        coveralls: '^2.11.4',
39 silly resolved        istanbul: '0.3.22',
39 silly resolved        mocha: '^2.3.0',
39 silly resolved        mockery: '^1.4.0',
39 silly resolved        should: '^7.1.0',
39 silly resolved        sinon: '^1.17.1' },
39 silly resolved     gitHead: 'e6ff0589a4f1978d4c6cee2fb2501bb06515b0f1',
39 silly resolved     _id: 'node-dash-button@0.6.1',
39 silly resolved     _shasum: 'd3da4100f9f1f36633da7a3cebba2a03c54f7ac6',
39 silly resolved     _from: 'node-dash-button@',
39 silly resolved     _npmVersion: '3.3.8',
39 silly resolved     _nodeVersion: '0.10.25',
39 silly resolved     _npmUser: { name: 'hortinstein', email: 'hortinstein@gmail.com' },
39 silly resolved     dist:
39 silly resolved      { shasum: 'd3da4100f9f1f36633da7a3cebba2a03c54f7ac6',
39 silly resolved        tarball: 'https://registry.npmjs.org/node-dash-button/-/node-dash-button-0.6.1.tgz' },
39 silly resolved     maintainers: [ [Object] ],
39 silly resolved     _npmOperationalInternal:
39 silly resolved      { host: 'packages-16-east.internal.npmjs.com',
39 silly resolved        tmp: 'tmp/node-dash-button-0.6.1.tgz_1474556165756_0.7663012624252588' },
39 silly resolved     directories: {},
39 silly resolved     _resolved: 'https://registry.npmjs.org/node-dash-button/-/node-dash-button-0.6.1.tgz',
39 silly resolved     readme: 'ERROR: No README data found!' } ]
40 info install node-dash-button@0.6.1 into /var/www/scripts
41 info installOne node-dash-button@0.6.1
42 verbose node_modules/node-dash-button unbuild
43 verbose tar unpack /home/pi/.npm/node-dash-button/0.6.1/package.tgz
44 silly lockFile 660c592b-ts-node-modules-node-dash-button tar:///var/www/scripts/node_modules/node-dash-button
45 verbose lock tar:///var/www/scripts/node_modules/node-dash-button /home/pi/.npm/660c592b-ts-node-modules-node-dash-button.lock
46 silly lockFile a2b90a94-de-dash-button-0-6-1-package-tgz tar:///home/pi/.npm/node-dash-button/0.6.1/package.tgz
47 verbose lock tar:///home/pi/.npm/node-dash-button/0.6.1/package.tgz /home/pi/.npm/a2b90a94-de-dash-button-0-6-1-package-tgz.lock
48 silly gunzTarPerm modes [ '755', '644' ]
49 silly gunzTarPerm extractEntry package.json
50 silly gunzTarPerm modified mode [ 'package.json', 436, 420 ]
51 silly gunzTarPerm extractEntry .npmignore
52 silly gunzTarPerm extractEntry README.md
53 silly gunzTarPerm modified mode [ 'README.md', 436, 420 ]
54 silly gunzTarPerm extractEntry helpers.js
55 silly gunzTarPerm modified mode [ 'helpers.js', 436, 420 ]
56 silly gunzTarPerm extractEntry index.js
57 silly gunzTarPerm modified mode [ 'index.js', 436, 420 ]
58 silly gunzTarPerm extractEntry stor.js
59 silly gunzTarPerm modified mode [ 'stor.js', 436, 420 ]
60 silly gunzTarPerm extractEntry .travis.yml
61 silly gunzTarPerm extractEntry appveyor.yml
62 silly gunzTarPerm modified mode [ 'appveyor.yml', 436, 420 ]
63 silly gunzTarPerm extractEntry bin/findbutton
64 silly gunzTarPerm modified mode [ 'bin/findbutton', 509, 493 ]
65 silly gunzTarPerm extractEntry static/dash-button-logo-blank.jpg
66 silly gunzTarPerm extractEntry static/node_button_logo.png
67 silly gunzTarPerm extractEntry test/test-live.js
68 silly gunzTarPerm modified mode [ 'test/test-live.js', 436, 420 ]
69 silly gunzTarPerm extractEntry test/test.js
70 silly gunzTarPerm modified mode [ 'test/test.js', 436, 420 ]
71 silly gunzTarPerm extractEntry test/lib/packets.js
72 silly gunzTarPerm modified mode [ 'test/lib/packets.js', 436, 420 ]
73 silly gunzTarPerm extractEntry test/lib/pcap.js
74 silly gunzTarPerm modified mode [ 'test/lib/pcap.js', 436, 420 ]
75 silly gunzTarPerm extractEntry test/lib/hex.json
76 silly gunzTarPerm modified mode [ 'test/lib/hex.json', 436, 420 ]
77 silly lockFile 660c592b-ts-node-modules-node-dash-button tar:///var/www/scripts/node_modules/node-dash-button
78 silly lockFile 660c592b-ts-node-modules-node-dash-button tar:///var/www/scripts/node_modules/node-dash-button
79 silly lockFile a2b90a94-de-dash-button-0-6-1-package-tgz tar:///home/pi/.npm/node-dash-button/0.6.1/package.tgz
80 silly lockFile a2b90a94-de-dash-button-0-6-1-package-tgz tar:///home/pi/.npm/node-dash-button/0.6.1/package.tgz
81 info preinstall node-dash-button@0.6.1
82 verbose readDependencies using package.json deps
83 verbose readDependencies using package.json deps
84 verbose cache add [ 'underscore@^1.8.3', null ]
85 verbose cache add name=undefined spec="underscore@^1.8.3" args=["underscore@^1.8.3",null]
86 verbose parsed url { protocol: null,
86 verbose parsed url   slashes: null,
86 verbose parsed url   auth: null,
86 verbose parsed url   host: null,
86 verbose parsed url   port: null,
86 verbose parsed url   hostname: null,
86 verbose parsed url   hash: null,
86 verbose parsed url   search: null,
86 verbose parsed url   query: null,
86 verbose parsed url   pathname: 'underscore@^1.8.3',
86 verbose parsed url   path: 'underscore@^1.8.3',
86 verbose parsed url   href: 'underscore@^1.8.3' }
87 verbose cache add name="underscore" spec="^1.8.3" args=["underscore","^1.8.3"]
88 verbose parsed url { protocol: null,
88 verbose parsed url   slashes: null,
88 verbose parsed url   auth: null,
88 verbose parsed url   host: null,
88 verbose parsed url   port: null,
88 verbose parsed url   hostname: null,
88 verbose parsed url   hash: null,
88 verbose parsed url   search: null,
88 verbose parsed url   query: null,
88 verbose parsed url   pathname: '^1.8.3',
88 verbose parsed url   path: '^1.8.3',
88 verbose parsed url   href: '^1.8.3' }
89 verbose addNamed [ 'underscore', '^1.8.3' ]
90 verbose addNamed [ null, '>=1.8.3-0 <2.0.0-0' ]
91 silly lockFile 763d0bdd-underscore-1-8-3 underscore@^1.8.3
92 verbose lock underscore@^1.8.3 /home/pi/.npm/763d0bdd-underscore-1-8-3.lock
93 verbose cache add [ 'pcap@git+https://github.com/mranney/node_pcap.git', null ]
94 verbose cache add name=undefined spec="pcap@git+https://github.com/mranney/node_pcap.git" args=["pcap@git+https://github.com/mranney/node_pcap.git",null]
95 verbose parsed url { protocol: null,
95 verbose parsed url   slashes: null,
95 verbose parsed url   auth: null,
95 verbose parsed url   host: null,
95 verbose parsed url   port: null,
95 verbose parsed url   hostname: null,
95 verbose parsed url   hash: null,
95 verbose parsed url   search: null,
95 verbose parsed url   query: null,
95 verbose parsed url   pathname: 'pcap@git+https://github.com/mranney/node_pcap.git',
95 verbose parsed url   path: 'pcap@git+https://github.com/mranney/node_pcap.git',
95 verbose parsed url   href: 'pcap@git+https://github.com/mranney/node_pcap.git' }
96 verbose cache add name="pcap" spec="git+https://github.com/mranney/node_pcap.git" args=["pcap","git+https://github.com/mranney/node_pcap.git"]
97 verbose parsed url { protocol: 'git+https:',
97 verbose parsed url   slashes: true,
97 verbose parsed url   auth: null,
97 verbose parsed url   host: 'github.com',
97 verbose parsed url   port: null,
97 verbose parsed url   hostname: 'github.com',
97 verbose parsed url   hash: null,
97 verbose parsed url   search: null,
97 verbose parsed url   query: null,
97 verbose parsed url   pathname: '/mranney/node_pcap.git',
97 verbose parsed url   path: '/mranney/node_pcap.git',
97 verbose parsed url   href: 'git+https://github.com/mranney/node_pcap.git' }
98 silly lockFile faccebf0-github-com-mranney-node-pcap-git https://github.com/mranney/node_pcap.git
99 verbose lock https://github.com/mranney/node_pcap.git /home/pi/.npm/faccebf0-github-com-mranney-node-pcap-git.lock
100 silly addNameRange { name: 'underscore',
100 silly addNameRange   range: '>=1.8.3-0 <2.0.0-0',
100 silly addNameRange   hasData: false }
101 verbose addRemoteGit [ 'https://github.com/mranney/node_pcap.git', 'master' ]
102 verbose request where is /underscore
103 verbose request registry https://registry.npmjs.org/
104 verbose url raw /underscore
105 verbose url resolving [ 'https://registry.npmjs.org/', './underscore' ]
106 verbose url resolved https://registry.npmjs.org/underscore
107 verbose request where is https://registry.npmjs.org/underscore
108 info trying registry request attempt 1 at 20:47:42
109 verbose etag W/"582dc695-aa64"
110 http GET https://registry.npmjs.org/underscore
111 verbose git remote.origin.url https://github.com/mranney/node_pcap.git
112 http 304 https://registry.npmjs.org/underscore
113 silly registry.get cb [ 304,
113 silly registry.get   { date: 'Sun, 20 Nov 2016 04:47:42 GMT',
113 silly registry.get     via: '1.1 varnish',
113 silly registry.get     'cache-control': 'max-age=300',
113 silly registry.get     etag: 'W/"582dc695-aa64"',
113 silly registry.get     age: '186',
113 silly registry.get     connection: 'keep-alive',
113 silly registry.get     'x-served-by': 'cache-sjc3632-SJC',
113 silly registry.get     'x-cache': 'HIT',
113 silly registry.get     'x-cache-hits': '2',
113 silly registry.get     'x-timer': 'S1479617262.562286,VS0,VE0',
113 silly registry.get     vary: 'Accept-Encoding' } ]
114 verbose etag https://registry.npmjs.org/underscore from cache
115 silly addNameRange number 2 { name: 'underscore',
115 silly addNameRange   range: '>=1.8.3-0 <2.0.0-0',
115 silly addNameRange   hasData: true }
116 silly addNameRange versions [ 'underscore',
116 silly addNameRange   [ '1.0.3',
116 silly addNameRange     '1.0.4',
116 silly addNameRange     '1.1.0',
116 silly addNameRange     '1.1.1',
116 silly addNameRange     '1.1.2',
116 silly addNameRange     '1.1.3',
116 silly addNameRange     '1.1.4',
116 silly addNameRange     '1.1.5',
116 silly addNameRange     '1.1.6',
116 silly addNameRange     '1.1.7',
116 silly addNameRange     '1.2.0',
116 silly addNameRange     '1.2.1',
116 silly addNameRange     '1.2.2',
116 silly addNameRange     '1.2.3',
116 silly addNameRange     '1.2.4',
116 silly addNameRange     '1.3.0',
116 silly addNameRange     '1.3.1',
116 silly addNameRange     '1.3.2',
116 silly addNameRange     '1.3.3',
116 silly addNameRange     '1.4.0',
116 silly addNameRange     '1.4.1',
116 silly addNameRange     '1.4.2',
116 silly addNameRange     '1.4.3',
116 silly addNameRange     '1.4.4',
116 silly addNameRange     '1.5.0',
116 silly addNameRange     '1.5.1',
116 silly addNameRange     '1.5.2',
116 silly addNameRange     '1.6.0',
116 silly addNameRange     '1.7.0',
116 silly addNameRange     '1.8.0',
116 silly addNameRange     '1.8.1',
116 silly addNameRange     '1.8.2',
116 silly addNameRange     '1.8.3' ] ]
117 verbose addNamed [ 'underscore', '1.8.3' ]
118 verbose addNamed [ '1.8.3', '1.8.3' ]
119 silly lockFile e5e32fca-underscore-1-8-3 underscore@1.8.3
120 verbose lock underscore@1.8.3 /home/pi/.npm/e5e32fca-underscore-1-8-3.lock
121 silly lockFile e5e32fca-underscore-1-8-3 underscore@1.8.3
122 silly lockFile e5e32fca-underscore-1-8-3 underscore@1.8.3
123 silly lockFile 763d0bdd-underscore-1-8-3 underscore@^1.8.3
124 silly lockFile 763d0bdd-underscore-1-8-3 underscore@^1.8.3
125 verbose git fetch -a origin (https://github.com/mranney/node_pcap.git)
126 verbose git rev-list -n1 master d920204745c8b00ef4b7a3fe27d902b263cdb70f
127 verbose resolved git url git+https://github.com/mranney/node_pcap.git#d920204745c8b00ef4b7a3fe27d902b263cdb70f
128 verbose tar unpack /tmp/npm-6475-PlGgykA3/1479617263504-0.9918913606088609/tmp.tgz
129 silly lockFile d813c500--9918913606088609-tmp-tgz-unpack tar:///tmp/npm-6475-PlGgykA3/1479617263504-0.9918913606088609/tmp.tgz-unpack
130 verbose lock tar:///tmp/npm-6475-PlGgykA3/1479617263504-0.9918913606088609/tmp.tgz-unpack /home/pi/.npm/d813c500--9918913606088609-tmp-tgz-unpack.lock
131 silly lockFile ac1978ea-63504-0-9918913606088609-tmp-tgz tar:///tmp/npm-6475-PlGgykA3/1479617263504-0.9918913606088609/tmp.tgz
132 verbose lock tar:///tmp/npm-6475-PlGgykA3/1479617263504-0.9918913606088609/tmp.tgz /home/pi/.npm/ac1978ea-63504-0-9918913606088609-tmp-tgz.lock
133 silly gunzTarPerm modes [ '755', '644' ]
134 silly gunzTarPerm extractEntry
135 silly gunzTarPerm modified mode [ '', 509, 493 ]
136 silly gunzTarPerm extractEntry .gitignore
137 silly gunzTarPerm modified mode [ '.gitignore', 436, 420 ]
138 silly gunzTarPerm extractEntry .jshintrc
139 silly gunzTarPerm modified mode [ '.jshintrc', 436, 420 ]
140 silly gunzTarPerm extractEntry .travis.yml
141 silly gunzTarPerm modified mode [ '.travis.yml', 436, 420 ]
142 silly gunzTarPerm extractEntry Gruntfile.js
143 silly gunzTarPerm modified mode [ 'Gruntfile.js', 436, 420 ]
144 silly gunzTarPerm extractEntry README.md
145 silly gunzTarPerm modified mode [ 'README.md', 436, 420 ]
146 silly gunzTarPerm extractEntry binding.gyp
147 silly gunzTarPerm modified mode [ 'binding.gyp', 436, 420 ]
148 silly gunzTarPerm extractEntry changelog.md
149 silly gunzTarPerm modified mode [ 'changelog.md', 436, 420 ]
150 silly gunzTarPerm extractEntry decode/
151 silly gunzTarPerm modified mode [ 'decode/', 509, 493 ]
152 silly gunzTarPerm extractEntry decode/arp.js
153 silly gunzTarPerm modified mode [ 'decode/arp.js', 436, 420 ]
154 silly gunzTarPerm extractEntry decode/dns.js
155 silly gunzTarPerm modified mode [ 'decode/dns.js', 436, 420 ]
156 silly gunzTarPerm extractEntry decode/ethernet_addr.js
157 silly gunzTarPerm modified mode [ 'decode/ethernet_addr.js', 436, 420 ]
158 silly gunzTarPerm extractEntry decode/ethernet_packet.js
159 silly gunzTarPerm modified mode [ 'decode/ethernet_packet.js', 436, 420 ]
160 silly gunzTarPerm extractEntry decode/icmp.js
161 silly gunzTarPerm modified mode [ 'decode/icmp.js', 436, 420 ]
162 silly gunzTarPerm extractEntry decode/ieee802.11/
163 silly gunzTarPerm modified mode [ 'decode/ieee802.11/', 509, 493 ]
164 silly gunzTarPerm extractEntry decode/ieee802.11/radio_beacon_frame.js
165 silly gunzTarPerm modified mode [ 'decode/ieee802.11/radio_beacon_frame.js', 436, 420 ]
166 silly gunzTarPerm extractEntry decode/ieee802.11/radio_frame.js
167 silly gunzTarPerm modified mode [ 'decode/ieee802.11/radio_frame.js', 436, 420 ]
168 silly gunzTarPerm extractEntry decode/ieee802.11/radio_management_frame_tag.js
169 silly gunzTarPerm modified mode [ 'decode/ieee802.11/radio_management_frame_tag.js', 436, 420 ]
170 silly gunzTarPerm extractEntry decode/ieee802.11/radio_packet.js
171 silly gunzTarPerm modified mode [ 'decode/ieee802.11/radio_packet.js', 436, 420 ]
172 silly gunzTarPerm extractEntry decode/ieee802.11/radio_probe_frame.js
173 silly gunzTarPerm modified mode [ 'decode/ieee802.11/radio_probe_frame.js', 436, 420 ]
174 silly gunzTarPerm extractEntry decode/ieee802.11/radio_utils.js
175 silly gunzTarPerm modified mode [ 'decode/ieee802.11/radio_utils.js', 436, 420 ]
176 silly gunzTarPerm extractEntry decode/igmp.js
177 silly gunzTarPerm modified mode [ 'decode/igmp.js', 436, 420 ]
178 silly gunzTarPerm extractEntry decode/index.js
179 silly gunzTarPerm modified mode [ 'decode/index.js', 436, 420 ]
180 silly gunzTarPerm extractEntry decode/ip_protocols.js
181 silly gunzTarPerm modified mode [ 'decode/ip_protocols.js', 436, 420 ]
182 silly gunzTarPerm extractEntry decode/ipv4.js
183 silly gunzTarPerm modified mode [ 'decode/ipv4.js', 436, 420 ]
184 silly gunzTarPerm extractEntry decode/ipv4_addr.js
185 silly gunzTarPerm modified mode [ 'decode/ipv4_addr.js', 436, 420 ]
186 silly gunzTarPerm extractEntry decode/ipv6.js
187 silly gunzTarPerm modified mode [ 'decode/ipv6.js', 436, 420 ]
188 silly gunzTarPerm extractEntry decode/ipv6_addr.js
189 silly gunzTarPerm modified mode [ 'decode/ipv6_addr.js', 436, 420 ]
190 silly gunzTarPerm extractEntry decode/ipv6headers/
191 silly gunzTarPerm modified mode [ 'decode/ipv6headers/', 509, 493 ]
192 silly gunzTarPerm extractEntry decode/ipv6headers/header_extension.js
193 silly gunzTarPerm modified mode [ 'decode/ipv6headers/header_extension.js', 436, 420 ]
194 silly gunzTarPerm extractEntry decode/ipv6headers/no_next.js
195 silly gunzTarPerm modified mode [ 'decode/ipv6headers/no_next.js', 436, 420 ]
196 silly gunzTarPerm extractEntry decode/llc_packet.js
197 silly gunzTarPerm modified mode [ 'decode/llc_packet.js', 436, 420 ]
198 silly gunzTarPerm extractEntry decode/null_packet.js
199 silly gunzTarPerm modified mode [ 'decode/null_packet.js', 436, 420 ]
200 silly gunzTarPerm extractEntry decode/pcap_packet.js
201 silly gunzTarPerm modified mode [ 'decode/pcap_packet.js', 436, 420 ]
202 silly gunzTarPerm extractEntry decode/sll_addr.js
203 silly gunzTarPerm modified mode [ 'decode/sll_addr.js', 436, 420 ]
204 silly gunzTarPerm extractEntry decode/sll_packet.js
205 silly gunzTarPerm modified mode [ 'decode/sll_packet.js', 436, 420 ]
206 silly gunzTarPerm extractEntry decode/tcp.js
207 silly gunzTarPerm modified mode [ 'decode/tcp.js', 436, 420 ]
208 silly gunzTarPerm extractEntry decode/udp.js
209 silly gunzTarPerm modified mode [ 'decode/udp.js', 436, 420 ]
210 silly gunzTarPerm extractEntry decode/vlan.js
211 silly gunzTarPerm modified mode [ 'decode/vlan.js', 436, 420 ]
212 silly gunzTarPerm extractEntry decode/websocket.js
213 silly gunzTarPerm modified mode [ 'decode/websocket.js', 436, 420 ]
214 silly gunzTarPerm extractEntry dns_cache.js
215 silly gunzTarPerm modified mode [ 'dns_cache.js', 436, 420 ]
216 silly gunzTarPerm extractEntry examples/
217 silly gunzTarPerm modified mode [ 'examples/', 509, 493 ]
218 silly gunzTarPerm extractEntry examples/multiple_interfaces
219 silly gunzTarPerm modified mode [ 'examples/multiple_interfaces', 509, 493 ]
220 silly gunzTarPerm extractEntry examples/network_grep.js
221 silly gunzTarPerm modified mode [ 'examples/network_grep.js', 436, 420 ]
222 silly gunzTarPerm extractEntry examples/speed_server
223 silly gunzTarPerm modified mode [ 'examples/speed_server', 509, 493 ]
224 silly gunzTarPerm extractEntry examples/tcp_metrics
225 silly gunzTarPerm modified mode [ 'examples/tcp_metrics', 509, 493 ]
226 silly gunzTarPerm extractEntry node_ko_article.md
227 silly gunzTarPerm modified mode [ 'node_ko_article.md', 436, 420 ]
228 silly gunzTarPerm extractEntry package.json
229 silly gunzTarPerm modified mode [ 'package.json', 436, 420 ]
230 silly gunzTarPerm extractEntry pcap.js
231 silly gunzTarPerm modified mode [ 'pcap.js', 436, 420 ]
232 silly gunzTarPerm extractEntry pcap_binding.cc
233 silly gunzTarPerm modified mode [ 'pcap_binding.cc', 436, 420 ]
234 silly gunzTarPerm extractEntry pcap_session.cc
235 silly gunzTarPerm modified mode [ 'pcap_session.cc', 436, 420 ]
236 silly gunzTarPerm extractEntry pcap_session.h
237 silly gunzTarPerm modified mode [ 'pcap_session.h', 436, 420 ]
238 silly gunzTarPerm extractEntry spec/
239 silly gunzTarPerm modified mode [ 'spec/', 509, 493 ]
240 silly gunzTarPerm extractEntry spec/decode/
241 silly gunzTarPerm modified mode [ 'spec/decode/', 509, 493 ]
242 silly gunzTarPerm extractEntry spec/decode/arp.spec.js
243 silly gunzTarPerm modified mode [ 'spec/decode/arp.spec.js', 436, 420 ]
244 silly gunzTarPerm extractEntry spec/decode/decode.js
245 silly gunzTarPerm modified mode [ 'spec/decode/decode.js', 436, 420 ]
246 silly gunzTarPerm extractEntry spec/decode/dns.spec.js
247 silly gunzTarPerm modified mode [ 'spec/decode/dns.spec.js', 436, 420 ]
248 silly gunzTarPerm extractEntry spec/decode/ethernet_addr.spec.js
249 silly gunzTarPerm modified mode [ 'spec/decode/ethernet_addr.spec.js', 436, 420 ]
250 silly gunzTarPerm extractEntry spec/decode/icmp.spec.js
251 silly gunzTarPerm modified mode [ 'spec/decode/icmp.spec.js', 436, 420 ]
252 silly gunzTarPerm extractEntry spec/decode/ieee802.11/
253 silly gunzTarPerm modified mode [ 'spec/decode/ieee802.11/', 509, 493 ]
254 silly gunzTarPerm extractEntry spec/decode/ieee802.11/radio_beacon_frame.spec.js
255 silly gunzTarPerm modified mode [ 'spec/decode/ieee802.11/radio_beacon_frame.spec.js', 436, 420 ]
256 silly gunzTarPerm extractEntry spec/decode/ieee802.11/radio_management_frame_tag.spec.js
257 silly gunzTarPerm modified mode [ 'spec/decode/ieee802.11/radio_management_frame_tag.spec.js',
257 silly gunzTarPerm   436,
257 silly gunzTarPerm   420 ]
258 silly gunzTarPerm extractEntry spec/decode/ieee802.11/radio_packet.spec.js
259 silly gunzTarPerm modified mode [ 'spec/decode/ieee802.11/radio_packet.spec.js', 436, 420 ]
260 silly gunzTarPerm extractEntry spec/decode/ieee802.11/radio_probe_frame.spec.js
261 silly gunzTarPerm modified mode [ 'spec/decode/ieee802.11/radio_probe_frame.spec.js', 436, 420 ]
262 silly gunzTarPerm extractEntry spec/decode/ieee802.11/radio_utils.spec.js
263 silly gunzTarPerm modified mode [ 'spec/decode/ieee802.11/radio_utils.spec.js', 436, 420 ]
264 silly gunzTarPerm extractEntry spec/decode/igmp.spec.js
265 silly gunzTarPerm modified mode [ 'spec/decode/igmp.spec.js', 436, 420 ]
266 silly gunzTarPerm extractEntry spec/decode/ipv4.spec.js
267 silly gunzTarPerm modified mode [ 'spec/decode/ipv4.spec.js', 436, 420 ]
268 silly gunzTarPerm extractEntry spec/decode/ipv4_addr.spec.js
269 silly gunzTarPerm modified mode [ 'spec/decode/ipv4_addr.spec.js', 436, 420 ]
270 silly gunzTarPerm extractEntry spec/decode/ipv6.spec.js
271 silly gunzTarPerm modified mode [ 'spec/decode/ipv6.spec.js', 436, 420 ]
272 silly gunzTarPerm extractEntry spec/decode/ipv6_addr.spec.js
273 silly gunzTarPerm modified mode [ 'spec/decode/ipv6_addr.spec.js', 436, 420 ]
274 silly gunzTarPerm extractEntry spec/decode/ipv6headers/
275 silly gunzTarPerm modified mode [ 'spec/decode/ipv6headers/', 509, 493 ]
276 silly gunzTarPerm extractEntry spec/decode/ipv6headers/header_extension.spec.js
277 silly gunzTarPerm modified mode [ 'spec/decode/ipv6headers/header_extension.spec.js', 436, 420 ]
278 silly gunzTarPerm extractEntry spec/decode/ipv6headers/no_next.spec.js
279 silly gunzTarPerm modified mode [ 'spec/decode/ipv6headers/no_next.spec.js', 436, 420 ]
280 silly gunzTarPerm extractEntry spec/decode/llc_packet.spec.js
281 silly gunzTarPerm modified mode [ 'spec/decode/llc_packet.spec.js', 436, 420 ]
282 silly gunzTarPerm extractEntry spec/decode/null_packet.spec.js
283 silly gunzTarPerm modified mode [ 'spec/decode/null_packet.spec.js', 436, 420 ]
284 silly gunzTarPerm extractEntry spec/decode/tcp.spec.js
285 silly gunzTarPerm modified mode [ 'spec/decode/tcp.spec.js', 436, 420 ]
286 silly gunzTarPerm extractEntry spec/decode/udp.spec.js
287 silly gunzTarPerm modified mode [ 'spec/decode/udp.spec.js', 436, 420 ]
288 silly gunzTarPerm extractEntry spec/spec_helper.js
289 silly gunzTarPerm modified mode [ 'spec/spec_helper.js', 436, 420 ]
290 silly gunzTarPerm extractEntry spec/util.spec.js
291 silly gunzTarPerm modified mode [ 'spec/util.spec.js', 436, 420 ]
292 silly gunzTarPerm extractEntry tcp_tracker.js
293 silly gunzTarPerm modified mode [ 'tcp_tracker.js', 436, 420 ]
294 silly gunzTarPerm extractEntry util.js
295 silly gunzTarPerm modified mode [ 'util.js', 436, 420 ]
296 silly lockFile d813c500--9918913606088609-tmp-tgz-unpack tar:///tmp/npm-6475-PlGgykA3/1479617263504-0.9918913606088609/tmp.tgz-unpack
297 silly lockFile d813c500--9918913606088609-tmp-tgz-unpack tar:///tmp/npm-6475-PlGgykA3/1479617263504-0.9918913606088609/tmp.tgz-unpack
298 silly lockFile ac1978ea-63504-0-9918913606088609-tmp-tgz tar:///tmp/npm-6475-PlGgykA3/1479617263504-0.9918913606088609/tmp.tgz
299 silly lockFile ac1978ea-63504-0-9918913606088609-tmp-tgz tar:///tmp/npm-6475-PlGgykA3/1479617263504-0.9918913606088609/tmp.tgz
300 silly lockFile faccebf0-github-com-mranney-node-pcap-git https://github.com/mranney/node_pcap.git
301 silly lockFile faccebf0-github-com-mranney-node-pcap-git https://github.com/mranney/node_pcap.git
302 silly resolved [ { name: 'underscore',
302 silly resolved     description: 'JavaScript\'s functional programming helper library.',
302 silly resolved     homepage: 'http://underscorejs.org',
302 silly resolved     keywords: [ 'util', 'functional', 'server', 'client', 'browser' ],
302 silly resolved     author: { name: 'Jeremy Ashkenas', email: 'jeremy@documentcloud.org' },
302 silly resolved     repository:
302 silly resolved      { type: 'git',
302 silly resolved        url: 'git://github.com/jashkenas/underscore.git' },
302 silly resolved     main: 'underscore.js',
302 silly resolved     version: '1.8.3',
302 silly resolved     devDependencies:
302 silly resolved      { docco: '*',
302 silly resolved        eslint: '0.6.x',
302 silly resolved        karma: '~0.12.31',
302 silly resolved        'karma-qunit': '~0.1.4',
302 silly resolved        'qunit-cli': '~0.2.0',
302 silly resolved        'uglify-js': '2.4.x' },
302 silly resolved     scripts:
302 silly resolved      { test: 'npm run test-node && npm run lint',
302 silly resolved        lint: 'eslint underscore.js test/*.js',
302 silly resolved        'test-node': 'qunit-cli test/*.js',
302 silly resolved        'test-browser': 'npm i karma-phantomjs-launcher && ./node_modules/karma/bin/karma start',
302 silly resolved        build: 'uglifyjs underscore.js -c "evaluate=false" --comments "/    .*/" -m --source-map underscore-min.map -o underscore-min.js',
302 silly resolved        doc: 'docco underscore.js' },
302 silly resolved     license: 'MIT',
302 silly resolved     files:
302 silly resolved      [ 'underscore.js',
302 silly resolved        'underscore-min.js',
302 silly resolved        'underscore-min.map',
302 silly resolved        'LICENSE' ],
302 silly resolved     gitHead: 'e4743ab712b8ab42ad4ccb48b155034d02394e4d',
302 silly resolved     bugs: { url: 'https://github.com/jashkenas/underscore/issues' },
302 silly resolved     _id: 'underscore@1.8.3',
302 silly resolved     _shasum: '4f3fb53b106e6097fcf9cb4109f2a5e9bdfa5022',
302 silly resolved     _from: 'underscore@^1.8.3',
302 silly resolved     _npmVersion: '1.4.28',
302 silly resolved     _npmUser: { name: 'jashkenas', email: 'jashkenas@gmail.com' },
302 silly resolved     maintainers: [ [Object] ],
302 silly resolved     dist:
302 silly resolved      { shasum: '4f3fb53b106e6097fcf9cb4109f2a5e9bdfa5022',
302 silly resolved        tarball: 'https://registry.npmjs.org/underscore/-/underscore-1.8.3.tgz' },
302 silly resolved     directories: {},
302 silly resolved     _resolved: 'https://registry.npmjs.org/underscore/-/underscore-1.8.3.tgz',
302 silly resolved     readme: 'ERROR: No README data found!' },
302 silly resolved   { name: 'pcap',
302 silly resolved     version: '2.0.0',
302 silly resolved     description: 'raw packet capture, decoding, and analysis',
302 silly resolved     author: { name: 'Matt Ranney', email: 'mjr@ranney.com' },
302 silly resolved     maintainers: [ [Object] ],
302 silly resolved     main: './pcap',
302 silly resolved     repository: { type: 'git', url: 'git://github.com/mranney/node_pcap.git' },
302 silly resolved     engines: { node: '>=0.10' },
302 silly resolved     dependencies: { nan: '^2.0.9', socketwatcher: '^0.3.0' },
302 silly resolved     devDependencies:
302 silly resolved      { grunt: '^0.4.5',
302 silly resolved        'grunt-cli': '^0.1.13',
302 silly resolved        'grunt-contrib-jshint': '^0.11.0',
302 silly resolved        'grunt-coveralls': '^1.0.0',
302 silly resolved        'grunt-mocha-istanbul': '^2.3.1',
302 silly resolved        'grunt-mocha-test': '^0.12.7',
302 silly resolved        istanbul: '^0.3.5',
302 silly resolved        mocha: '^2.1.0',
302 silly resolved        'mocha-sinon': '^1.1.4',
302 silly resolved        should: '^5.0.0',
302 silly resolved        sinon: '^1.14.1' },
302 silly resolved     scripts: { test: 'grunt', install: 'node-gyp rebuild' },
302 silly resolved     gypfile: true,
302 silly resolved     readme: '##Disclaimer\nnode_pcap is currently being heavily refactored much of the documentation is out of date. If you installed node_pcap from npm go to [v2.0.1](https://github.com/mranney/node_pcap/commit/6e4d56671c54e0cf690f72b92554a538244bd1b6). Thanks for your patience and contributions as we work on the next major version of node_pcap.\n\nnode_pcap\n=========\n\n[![Join the chat at https://gitter.im/mranney/node_pcap](https://badges.gitter.im/Join%20Chat.svg)](https://gitter.im/mranney/node_pcap?utm_source=badge&utm_medium=badge&utm_campaign=pr-badge&utm_content=badge)\n[![Build Status](https://travis-ci.org/mranney/node_pcap.svg?branch=master)](https://travis-ci.org/mranney/node_pcap)[![Coverage Status](https://coveralls.io/repos/mranney/node_pcap/badge.svg)](https://coveralls.io/r/mranney/node_pcap)\n\nThis is a set of bindings from `libpcap` to node as well as some useful libraries to decode, print, and\nanalyze packets.  `libpcap` is a packet capture library used by programs like `tcpdump` and `wireshark`.\nIt has been tested on OSX and Linux.\n\n`node_pcap` is useful for many things, but it does not yet understand all common protocols.  Common reasons\nto use this package are\n[http_trace](https://github.com/mranney/http_trace) (works only on node 4), and\n[htracr](https://github.com/mnot/htracr).\n\n## Why capture packets in JavaScript?\n\nThere are already many tools for capturing, decoding, and analyzing packets.  Many of them are thoroughly\ntested and very fast.  Why would anybody want to do such low level things like packet capture and analysis\nin JavaScript?  A few reasons:\n\n* JavaScript makes writing event-based programs very natural.  Each packet that is captured generates an\nevent, and as higher level protocols are decoded, they might generate events as well.  Writing code to handle\nthese events is much easier and more readable with anonymous functions and closures.\n\n* node makes handling binary data in JavaScript fast and efficient with its Buffer class.  Decoding packets involves\na lot of binary slicing and dicing which can be awkward with JavaScript strings.\n\n* Writing servers that capture packets, process them somehow, and then serve the processed data up in some way is\nvery straightforward in node.\n\n* Node has a very good HTTP parser that is used to progressively decode HTTP sessions.\n\n## Installation\n\nYou will need `libpcap` installed.  Most OSX machines seem to have it.  All major Linux distributions have it available\neither by default or with a package like `libpcap-dev`.\n\nThe easiest way to get `node_pcap` and its tools is with `npm`:\n\n    npm install pcap\n\nIf you want to hack on the source code, you can get it from github.  Clone the repo like this:\n\n    git clone git://github.com/mranney/node_pcap.git\n\nTo compile the native code bindings, do this:\n\n    cd node_pcap\n    node-gyp configure build\n\nAssuming it built without errors, you should be able to run the examples and then write your own packet\ncapture programs.\n\n\n## Usage\n\nThere are several example programs that show how to use `node_pcap`.  These examples are best documentation.\nTry them out and see what they do.\n\nTo use this library in your own program, `pcap.js` and `pcap_binding.node` must be in `NODE_PATH`.  `npm`\ntakes care of this automatically.\n\n### Starting a capture session\n\nTo start a capture session, call `pcap.createSession` with an interface name and a pcap filter string:\n\n    var pcap = require(\'pcap\'),\n        pcap_session = pcap.createSession(interface, filter);\n\n`interface` is the name of the interface on which to capture packets.  If passed an empty string, `libpcap`\nwill try to pick a "default" interface, which is often just the first one in some list and not what you want.\n\n`filter` is a pcap filter expression, see `pcap-filter(7)` for more information.  An empty string will capture\nall packets visible on the interface.\n\nNote that `node_pcap` always opens the interface in promiscuous mode, which generally requires running as root.\nUnless you are recklessly roaming about as root already, you\'ll probably want to start your node program like this:\n\n    sudo node test.js\n\n`pcap_session` is an `EventEmitter` that emits a `packet` event.  The only argument to the callback will be a\n`Buffer` object with the raw bytes returned by `libpcap`.\n\nListening for packets:\n\n    pcap_session.on(\'packet\', function (raw_packet) {\n        // do some stuff with a raw packet\n    });\n\nTo convert `raw_packet` into a JavaScript object that is easy to work with, decode it:\n\n    var packet = pcap.decode.packet(raw_packet);\n\nThe protocol stack is exposed as a nested set of objects.  For example, the TCP destination port is part of TCP\nwhich is encapsulated within IP, which is encapsulated within a link layer.  Access it like this:\n\n    packet.link.ip.tcp.dport\n\nThis structure is easy to explore with `sys.inspect`.\n\n### TCP Analysis\n\nTCP can be analyzed by feeding the packets into a `TCPTracker` and then listening for `session` and `end` events.\n\n```javascript\nvar pcap = require(\'./pcap\'),\n    tcp_tracker = new pcap.TCPTracker(),\n    pcap_session = pcap.createSession(\'en0\', "ip proto \\\\tcp");\n\ntcp_tracker.on(\'session\', function (session) {\n  console.log("Start of session between " + session.src_name + " and " + session.dst_name);\n  session.on(\'end\', function (session) {\n      console.log("End of TCP session between " + session.src_name + " and " + session.dst_name);\n  });\n});\n\npcap_session.on(\'packet\', function (raw_packet) {\n    var packet = pcap.decode.packet(raw_packet);\n    tcp_tracker.track_packet(packet);\n});\n```\n\nYou must only send IPv4 TCP packets to the TCP tracker.  Explore the `session` object with `sys.inspect` to\nsee the wonderful things it can do for you.  Hopefully the names of the properties are self-explanatory:\n\nSee [http_trace](https://github.com/mranney/http_trace) for an example of how to use these events to decode HTTP (Works only on node 4).\n\n## Some Common Problems\n\n### TCP Segmentation Offload - TSO\n\nTSO is a technique that modern operating systems use to offload the burden of IP/TCP header computation to\nthe network hardware.  It also reduces the number of times that data is moved data between the kernel and the\nnetwork hardware.  TSO saves CPU when sending data that is larger than a single IP packet.\n\nThis is amazing and wonderful, but it does make some kinds of packet sniffing more difficult.  In many cases,\nit is important to see the exact packets that are sent, but if the network hardware is sending the packets,\nthese are not available to `libpcap`.  The solution is to disable TSO.\n\nOSX:\n\n    sudo sysctl -w net.inet.tcp.tso=0\n\nLinux (substitute correct interface name):\n\n    sudo ethtool -K eth0 tso off\n\nThe symptoms of needing to disable TSO are messages like, "Received ACK for packet we didn\'t see get sent".\n\n### IPv6\n\nSadly, `node_pcap` does not know how to decode IPv6 packets yet.  Often when capturing traffic to `localhost`, IPv6 traffic\nwill arrive surprisingly, even though you were expecting IPv4.  A common case is the hostname `localhost`, which many client programs will\nresolve to the IPv6 address `::1` and then will try `127.0.0.1`.  Until we get IPv6 decode support, a `libpcap` filter can be\nset to only see IPv4 traffic:\n\n    sudo http_trace lo0 "ip proto \\tcp"\n\nThe backslash is important.  The pcap filter language has an ambiguity with the word "tcp", so by escaping it,\nyou\'ll get the correct interpretation for this case.\n\n### Dropped packets\n\nThere are several levels of buffering involved in capturing packets.  Sometimes these buffers fill up, and\nyou\'ll drop packets.  If this happens, it becomes difficult to reconstruct higher level protocols.  The best\nway to keep the buffers from filling up is to use pcap filters to only consider traffic that you need to decode.\nThe pcap filters are very efficient and run close to the kernel where they can process high packet rates.\n\nIf the pcap filters are set correctly and `libpcap` still drops packets, it is possible to increase `libpcap`\'s\nbuffer size.  At the moment, this requires changing `pcap_binding.cc`.  Look for `pcap_set_buffer_size()` and\nset to a larger value.\n\n## Examples\n\n[redis_trace](https://github.com/mranney/redis_trace)\n\n[http_trace](https://github.com/mranney/http_trace) (Node 4 only)\n\n## LICENSE - "MIT License"\n\nCopyright (c) 2010 Matthew Ranney, http://ranney.com/\n\nPermission is hereby granted, free of charge, to any person\nobtaining a copy of this software and associated documentation\nfiles (the "Software"), to deal in the Software without\nrestriction, including without limitation the rights to use,\ncopy, modify, merge, publish, distribute, sublicense, and/or sell\ncopies of the Software, and to permit persons to whom the\nSoftware is furnished to do so, subject to the following\nconditions:\n\nThe above copyright notice and this permission notice shall be\nincluded in all copies or substantial portions of the Software.\n\nTHE SOFTWARE IS PROVIDED "AS IS", WITHOUT WARRANTY OF ANY KIND,\nEXPRESS OR IMPLIED, INCLUDING BUT NOT LIMITED TO THE WARRANTIES\nOF MERCHANTABILITY, FITNESS FOR A PARTICULAR PURPOSE AND\nNONINFRINGEMENT. IN NO EVENT SHALL THE AUTHORS OR COPYRIGHT\nHOLDERS BE LIABLE FOR ANY CLAIM, DAMAGES OR OTHER LIABILITY,\nWHETHER IN AN ACTION OF CONTRACT, TORT OR OTHERWISE, ARISING\nFROM, OUT OF OR IN CONNECTION WITH THE SOFTWARE OR THE USE OR\nOTHER DEALINGS IN THE SOFTWARE.\n',
302 silly resolved     readmeFilename: 'README.md',
302 silly resolved     bugs: { url: 'https://github.com/mranney/node_pcap/issues' },
302 silly resolved     _id: 'pcap@2.0.0',
302 silly resolved     _shasum: '81a22ce4f1f0a505b8258c159de16041019623ac',
302 silly resolved     _resolved: 'git+https://github.com/mranney/node_pcap.git#d920204745c8b00ef4b7a3fe27d902b263cdb70f',
302 silly resolved     _from: 'pcap@git+https://github.com/mranney/node_pcap.git' } ]
303 info install underscore@1.8.3 into /var/www/scripts/node_modules/node-dash-button
304 info install pcap@2.0.0 into /var/www/scripts/node_modules/node-dash-button
305 info installOne underscore@1.8.3
306 info installOne pcap@2.0.0
307 verbose node_modules/node-dash-button/node_modules/underscore unbuild
308 verbose tar unpack /home/pi/.npm/underscore/1.8.3/package.tgz
309 silly lockFile ef440cd2-h-button-node-modules-underscore tar:///var/www/scripts/node_modules/node-dash-button/node_modules/underscore
310 verbose lock tar:///var/www/scripts/node_modules/node-dash-button/node_modules/underscore /home/pi/.npm/ef440cd2-h-button-node-modules-underscore.lock
311 silly lockFile 2f41e119-npm-underscore-1-8-3-package-tgz tar:///home/pi/.npm/underscore/1.8.3/package.tgz
312 verbose lock tar:///home/pi/.npm/underscore/1.8.3/package.tgz /home/pi/.npm/2f41e119-npm-underscore-1-8-3-package-tgz.lock
313 verbose node_modules/node-dash-button/node_modules/pcap unbuild
314 silly gunzTarPerm modes [ '755', '644' ]
315 verbose tar unpack /home/pi/.npm/pcap/2.0.0/package.tgz
316 silly lockFile ae2e56d4-de-dash-button-node-modules-pcap tar:///var/www/scripts/node_modules/node-dash-button/node_modules/pcap
317 verbose lock tar:///var/www/scripts/node_modules/node-dash-button/node_modules/pcap /home/pi/.npm/ae2e56d4-de-dash-button-node-modules-pcap.lock
318 silly lockFile 3f2a05f1-me-pi-npm-pcap-2-0-0-package-tgz tar:///home/pi/.npm/pcap/2.0.0/package.tgz
319 verbose lock tar:///home/pi/.npm/pcap/2.0.0/package.tgz /home/pi/.npm/3f2a05f1-me-pi-npm-pcap-2-0-0-package-tgz.lock
320 silly gunzTarPerm modes [ '755', '644' ]
321 silly gunzTarPerm extractEntry
322 silly gunzTarPerm modified mode [ '', 509, 493 ]
323 silly gunzTarPerm extractEntry package.json
324 silly gunzTarPerm extractEntry .gitignore
325 silly gunzTarPerm modified mode [ '.gitignore', 436, 420 ]
326 silly gunzTarPerm extractEntry .jshintrc
327 silly gunzTarPerm modified mode [ '.jshintrc', 436, 420 ]
328 silly gunzTarPerm extractEntry .travis.yml
329 silly gunzTarPerm modified mode [ '.travis.yml', 436, 420 ]
330 silly gunzTarPerm extractEntry README.md
331 silly gunzTarPerm extractEntry LICENSE
332 silly gunzTarPerm extractEntry Gruntfile.js
333 silly gunzTarPerm modified mode [ 'Gruntfile.js', 436, 420 ]
334 silly gunzTarPerm extractEntry README.md
335 silly gunzTarPerm modified mode [ 'README.md', 436, 420 ]
336 silly gunzTarPerm extractEntry underscore.js
337 silly gunzTarPerm extractEntry underscore-min.js
338 silly gunzTarPerm extractEntry underscore-min.map
339 silly gunzTarPerm extractEntry binding.gyp
340 silly gunzTarPerm modified mode [ 'binding.gyp', 436, 420 ]
341 silly gunzTarPerm extractEntry changelog.md
342 silly gunzTarPerm modified mode [ 'changelog.md', 436, 420 ]
343 silly gunzTarPerm extractEntry decode/
344 silly gunzTarPerm modified mode [ 'decode/', 509, 493 ]
345 silly gunzTarPerm extractEntry decode/arp.js
346 silly gunzTarPerm modified mode [ 'decode/arp.js', 436, 420 ]
347 silly gunzTarPerm extractEntry decode/dns.js
348 silly gunzTarPerm modified mode [ 'decode/dns.js', 436, 420 ]
349 silly gunzTarPerm extractEntry decode/ethernet_addr.js
350 silly gunzTarPerm modified mode [ 'decode/ethernet_addr.js', 436, 420 ]
351 silly gunzTarPerm extractEntry decode/ethernet_packet.js
352 silly gunzTarPerm modified mode [ 'decode/ethernet_packet.js', 436, 420 ]
353 silly gunzTarPerm extractEntry decode/icmp.js
354 silly gunzTarPerm modified mode [ 'decode/icmp.js', 436, 420 ]
355 silly gunzTarPerm extractEntry decode/ieee802.11/
356 silly gunzTarPerm modified mode [ 'decode/ieee802.11/', 509, 493 ]
357 silly gunzTarPerm extractEntry decode/ieee802.11/radio_beacon_frame.js
358 silly gunzTarPerm modified mode [ 'decode/ieee802.11/radio_beacon_frame.js', 436, 420 ]
359 silly gunzTarPerm extractEntry decode/ieee802.11/radio_frame.js
360 silly gunzTarPerm modified mode [ 'decode/ieee802.11/radio_frame.js', 436, 420 ]
361 silly gunzTarPerm extractEntry decode/ieee802.11/radio_management_frame_tag.js
362 silly gunzTarPerm modified mode [ 'decode/ieee802.11/radio_management_frame_tag.js', 436, 420 ]
363 silly gunzTarPerm extractEntry decode/ieee802.11/radio_packet.js
364 silly gunzTarPerm modified mode [ 'decode/ieee802.11/radio_packet.js', 436, 420 ]
365 silly gunzTarPerm extractEntry decode/ieee802.11/radio_probe_frame.js
366 silly gunzTarPerm modified mode [ 'decode/ieee802.11/radio_probe_frame.js', 436, 420 ]
367 silly gunzTarPerm extractEntry decode/ieee802.11/radio_utils.js
368 silly gunzTarPerm modified mode [ 'decode/ieee802.11/radio_utils.js', 436, 420 ]
369 silly gunzTarPerm extractEntry decode/igmp.js
370 silly gunzTarPerm modified mode [ 'decode/igmp.js', 436, 420 ]
371 silly gunzTarPerm extractEntry decode/index.js
372 silly gunzTarPerm modified mode [ 'decode/index.js', 436, 420 ]
373 silly gunzTarPerm extractEntry decode/ip_protocols.js
374 silly gunzTarPerm modified mode [ 'decode/ip_protocols.js', 436, 420 ]
375 silly gunzTarPerm extractEntry decode/ipv4.js
376 silly gunzTarPerm modified mode [ 'decode/ipv4.js', 436, 420 ]
377 silly gunzTarPerm extractEntry decode/ipv4_addr.js
378 silly gunzTarPerm modified mode [ 'decode/ipv4_addr.js', 436, 420 ]
379 silly gunzTarPerm extractEntry decode/ipv6.js
380 silly gunzTarPerm modified mode [ 'decode/ipv6.js', 436, 420 ]
381 silly gunzTarPerm extractEntry decode/ipv6_addr.js
382 silly gunzTarPerm modified mode [ 'decode/ipv6_addr.js', 436, 420 ]
383 silly gunzTarPerm extractEntry decode/ipv6headers/
384 silly gunzTarPerm modified mode [ 'decode/ipv6headers/', 509, 493 ]
385 silly gunzTarPerm extractEntry decode/ipv6headers/header_extension.js
386 silly gunzTarPerm modified mode [ 'decode/ipv6headers/header_extension.js', 436, 420 ]
387 silly gunzTarPerm extractEntry decode/ipv6headers/no_next.js
388 silly gunzTarPerm modified mode [ 'decode/ipv6headers/no_next.js', 436, 420 ]
389 silly gunzTarPerm extractEntry decode/llc_packet.js
390 silly gunzTarPerm modified mode [ 'decode/llc_packet.js', 436, 420 ]
391 silly gunzTarPerm extractEntry decode/null_packet.js
392 silly gunzTarPerm modified mode [ 'decode/null_packet.js', 436, 420 ]
393 silly gunzTarPerm extractEntry decode/pcap_packet.js
394 silly gunzTarPerm modified mode [ 'decode/pcap_packet.js', 436, 420 ]
395 silly gunzTarPerm extractEntry decode/sll_addr.js
396 silly gunzTarPerm modified mode [ 'decode/sll_addr.js', 436, 420 ]
397 silly gunzTarPerm extractEntry decode/sll_packet.js
398 silly gunzTarPerm modified mode [ 'decode/sll_packet.js', 436, 420 ]
399 silly gunzTarPerm extractEntry decode/tcp.js
400 silly gunzTarPerm modified mode [ 'decode/tcp.js', 436, 420 ]
401 silly gunzTarPerm extractEntry decode/udp.js
402 silly gunzTarPerm modified mode [ 'decode/udp.js', 436, 420 ]
403 silly gunzTarPerm extractEntry decode/vlan.js
404 silly gunzTarPerm modified mode [ 'decode/vlan.js', 436, 420 ]
405 silly gunzTarPerm extractEntry decode/websocket.js
406 silly gunzTarPerm modified mode [ 'decode/websocket.js', 436, 420 ]
407 silly gunzTarPerm extractEntry dns_cache.js
408 silly gunzTarPerm modified mode [ 'dns_cache.js', 436, 420 ]
409 silly gunzTarPerm extractEntry examples/
410 silly gunzTarPerm modified mode [ 'examples/', 509, 493 ]
411 silly gunzTarPerm extractEntry examples/multiple_interfaces
412 silly gunzTarPerm modified mode [ 'examples/multiple_interfaces', 509, 493 ]
413 silly gunzTarPerm extractEntry examples/network_grep.js
414 silly gunzTarPerm modified mode [ 'examples/network_grep.js', 436, 420 ]
415 silly gunzTarPerm extractEntry examples/speed_server
416 silly gunzTarPerm modified mode [ 'examples/speed_server', 509, 493 ]
417 silly gunzTarPerm extractEntry examples/tcp_metrics
418 silly gunzTarPerm modified mode [ 'examples/tcp_metrics', 509, 493 ]
419 silly gunzTarPerm extractEntry node_ko_article.md
420 silly gunzTarPerm modified mode [ 'node_ko_article.md', 436, 420 ]
421 silly gunzTarPerm extractEntry package.json
422 silly gunzTarPerm modified mode [ 'package.json', 436, 420 ]
423 silly gunzTarPerm extractEntry pcap.js
424 silly gunzTarPerm modified mode [ 'pcap.js', 436, 420 ]
425 silly gunzTarPerm extractEntry pcap_binding.cc
426 silly gunzTarPerm modified mode [ 'pcap_binding.cc', 436, 420 ]
427 silly gunzTarPerm extractEntry pcap_session.cc
428 silly gunzTarPerm modified mode [ 'pcap_session.cc', 436, 420 ]
429 silly lockFile ef440cd2-h-button-node-modules-underscore tar:///var/www/scripts/node_modules/node-dash-button/node_modules/underscore
430 silly lockFile ef440cd2-h-button-node-modules-underscore tar:///var/www/scripts/node_modules/node-dash-button/node_modules/underscore
431 silly lockFile 2f41e119-npm-underscore-1-8-3-package-tgz tar:///home/pi/.npm/underscore/1.8.3/package.tgz
432 silly lockFile 2f41e119-npm-underscore-1-8-3-package-tgz tar:///home/pi/.npm/underscore/1.8.3/package.tgz
433 info preinstall underscore@1.8.3
434 verbose readDependencies using package.json deps
435 silly gunzTarPerm extractEntry pcap_session.h
436 silly gunzTarPerm modified mode [ 'pcap_session.h', 436, 420 ]
437 silly gunzTarPerm extractEntry spec/
438 silly gunzTarPerm modified mode [ 'spec/', 509, 493 ]
439 verbose readDependencies using package.json deps
440 silly resolved []
441 verbose about to build /var/www/scripts/node_modules/node-dash-button/node_modules/underscore
442 info build /var/www/scripts/node_modules/node-dash-button/node_modules/underscore
443 verbose linkStuff [ false,
443 verbose linkStuff   false,
443 verbose linkStuff   false,
443 verbose linkStuff   '/var/www/scripts/node_modules/node-dash-button/node_modules' ]
444 info linkStuff underscore@1.8.3
445 verbose linkBins underscore@1.8.3
446 verbose linkMans underscore@1.8.3
447 verbose rebuildBundles underscore@1.8.3
448 info install underscore@1.8.3
449 info postinstall underscore@1.8.3
450 silly gunzTarPerm extractEntry spec/decode/
451 silly gunzTarPerm modified mode [ 'spec/decode/', 509, 493 ]
452 silly gunzTarPerm extractEntry spec/decode/arp.spec.js
453 silly gunzTarPerm modified mode [ 'spec/decode/arp.spec.js', 436, 420 ]
454 silly gunzTarPerm extractEntry spec/decode/decode.js
455 silly gunzTarPerm modified mode [ 'spec/decode/decode.js', 436, 420 ]
456 silly gunzTarPerm extractEntry spec/decode/dns.spec.js
457 silly gunzTarPerm modified mode [ 'spec/decode/dns.spec.js', 436, 420 ]
458 silly gunzTarPerm extractEntry spec/decode/ethernet_addr.spec.js
459 silly gunzTarPerm modified mode [ 'spec/decode/ethernet_addr.spec.js', 436, 420 ]
460 silly gunzTarPerm extractEntry spec/decode/icmp.spec.js
461 silly gunzTarPerm modified mode [ 'spec/decode/icmp.spec.js', 436, 420 ]
462 silly gunzTarPerm extractEntry spec/decode/ieee802.11/
463 silly gunzTarPerm modified mode [ 'spec/decode/ieee802.11/', 509, 493 ]
464 silly gunzTarPerm extractEntry spec/decode/ieee802.11/radio_beacon_frame.spec.js
465 silly gunzTarPerm modified mode [ 'spec/decode/ieee802.11/radio_beacon_frame.spec.js', 436, 420 ]
466 silly gunzTarPerm extractEntry spec/decode/ieee802.11/radio_management_frame_tag.spec.js
467 silly gunzTarPerm modified mode [ 'spec/decode/ieee802.11/radio_management_frame_tag.spec.js',
467 silly gunzTarPerm   436,
467 silly gunzTarPerm   420 ]
468 silly gunzTarPerm extractEntry spec/decode/ieee802.11/radio_packet.spec.js
469 silly gunzTarPerm modified mode [ 'spec/decode/ieee802.11/radio_packet.spec.js', 436, 420 ]
470 silly gunzTarPerm extractEntry spec/decode/ieee802.11/radio_probe_frame.spec.js
471 silly gunzTarPerm modified mode [ 'spec/decode/ieee802.11/radio_probe_frame.spec.js', 436, 420 ]
472 silly gunzTarPerm extractEntry spec/decode/ieee802.11/radio_utils.spec.js
473 silly gunzTarPerm modified mode [ 'spec/decode/ieee802.11/radio_utils.spec.js', 436, 420 ]
474 silly gunzTarPerm extractEntry spec/decode/igmp.spec.js
475 silly gunzTarPerm modified mode [ 'spec/decode/igmp.spec.js', 436, 420 ]
476 silly gunzTarPerm extractEntry spec/decode/ipv4.spec.js
477 silly gunzTarPerm modified mode [ 'spec/decode/ipv4.spec.js', 436, 420 ]
478 silly gunzTarPerm extractEntry spec/decode/ipv4_addr.spec.js
479 silly gunzTarPerm modified mode [ 'spec/decode/ipv4_addr.spec.js', 436, 420 ]
480 silly gunzTarPerm extractEntry spec/decode/ipv6.spec.js
481 silly gunzTarPerm modified mode [ 'spec/decode/ipv6.spec.js', 436, 420 ]
482 silly gunzTarPerm extractEntry spec/decode/ipv6_addr.spec.js
483 silly gunzTarPerm modified mode [ 'spec/decode/ipv6_addr.spec.js', 436, 420 ]
484 silly gunzTarPerm extractEntry spec/decode/ipv6headers/
485 silly gunzTarPerm modified mode [ 'spec/decode/ipv6headers/', 509, 493 ]
486 silly gunzTarPerm extractEntry spec/decode/ipv6headers/header_extension.spec.js
487 silly gunzTarPerm modified mode [ 'spec/decode/ipv6headers/header_extension.spec.js', 436, 420 ]
488 silly gunzTarPerm extractEntry spec/decode/ipv6headers/no_next.spec.js
489 silly gunzTarPerm modified mode [ 'spec/decode/ipv6headers/no_next.spec.js', 436, 420 ]
490 silly gunzTarPerm extractEntry spec/decode/llc_packet.spec.js
491 silly gunzTarPerm modified mode [ 'spec/decode/llc_packet.spec.js', 436, 420 ]
492 silly gunzTarPerm extractEntry spec/decode/null_packet.spec.js
493 silly gunzTarPerm modified mode [ 'spec/decode/null_packet.spec.js', 436, 420 ]
494 silly gunzTarPerm extractEntry spec/decode/tcp.spec.js
495 silly gunzTarPerm modified mode [ 'spec/decode/tcp.spec.js', 436, 420 ]
496 silly gunzTarPerm extractEntry spec/decode/udp.spec.js
497 silly gunzTarPerm modified mode [ 'spec/decode/udp.spec.js', 436, 420 ]
498 silly gunzTarPerm extractEntry spec/spec_helper.js
499 silly gunzTarPerm modified mode [ 'spec/spec_helper.js', 436, 420 ]
500 silly gunzTarPerm extractEntry spec/util.spec.js
501 silly gunzTarPerm modified mode [ 'spec/util.spec.js', 436, 420 ]
502 silly gunzTarPerm extractEntry tcp_tracker.js
503 silly gunzTarPerm modified mode [ 'tcp_tracker.js', 436, 420 ]
504 silly gunzTarPerm extractEntry util.js
505 silly gunzTarPerm modified mode [ 'util.js', 436, 420 ]
506 silly lockFile ae2e56d4-de-dash-button-node-modules-pcap tar:///var/www/scripts/node_modules/node-dash-button/node_modules/pcap
507 silly lockFile ae2e56d4-de-dash-button-node-modules-pcap tar:///var/www/scripts/node_modules/node-dash-button/node_modules/pcap
508 silly lockFile 3f2a05f1-me-pi-npm-pcap-2-0-0-package-tgz tar:///home/pi/.npm/pcap/2.0.0/package.tgz
509 silly lockFile 3f2a05f1-me-pi-npm-pcap-2-0-0-package-tgz tar:///home/pi/.npm/pcap/2.0.0/package.tgz
510 info preinstall pcap@2.0.0
511 verbose readDependencies using package.json deps
512 verbose readDependencies using package.json deps
513 verbose cache add [ 'nan@^2.0.9', null ]
514 verbose cache add name=undefined spec="nan@^2.0.9" args=["nan@^2.0.9",null]
515 verbose parsed url { protocol: null,
515 verbose parsed url   slashes: null,
515 verbose parsed url   auth: null,
515 verbose parsed url   host: null,
515 verbose parsed url   port: null,
515 verbose parsed url   hostname: null,
515 verbose parsed url   hash: null,
515 verbose parsed url   search: null,
515 verbose parsed url   query: null,
515 verbose parsed url   pathname: 'nan@^2.0.9',
515 verbose parsed url   path: 'nan@^2.0.9',
515 verbose parsed url   href: 'nan@^2.0.9' }
516 verbose cache add [ 'socketwatcher@^0.3.0', null ]
517 verbose cache add name=undefined spec="socketwatcher@^0.3.0" args=["socketwatcher@^0.3.0",null]
518 verbose parsed url { protocol: null,
518 verbose parsed url   slashes: null,
518 verbose parsed url   auth: null,
518 verbose parsed url   host: null,
518 verbose parsed url   port: null,
518 verbose parsed url   hostname: null,
518 verbose parsed url   hash: null,
518 verbose parsed url   search: null,
518 verbose parsed url   query: null,
518 verbose parsed url   pathname: 'socketwatcher@^0.3.0',
518 verbose parsed url   path: 'socketwatcher@^0.3.0',
518 verbose parsed url   href: 'socketwatcher@^0.3.0' }
519 verbose cache add name="nan" spec="^2.0.9" args=["nan","^2.0.9"]
520 verbose parsed url { protocol: null,
520 verbose parsed url   slashes: null,
520 verbose parsed url   auth: null,
520 verbose parsed url   host: null,
520 verbose parsed url   port: null,
520 verbose parsed url   hostname: null,
520 verbose parsed url   hash: null,
520 verbose parsed url   search: null,
520 verbose parsed url   query: null,
520 verbose parsed url   pathname: '^2.0.9',
520 verbose parsed url   path: '^2.0.9',
520 verbose parsed url   href: '^2.0.9' }
521 verbose addNamed [ 'nan', '^2.0.9' ]
522 verbose addNamed [ null, '>=2.0.9-0 <3.0.0-0' ]
523 silly lockFile b25895e5-nan-2-0-9 nan@^2.0.9
524 verbose lock nan@^2.0.9 /home/pi/.npm/b25895e5-nan-2-0-9.lock
525 verbose cache add name="socketwatcher" spec="^0.3.0" args=["socketwatcher","^0.3.0"]
526 verbose parsed url { protocol: null,
526 verbose parsed url   slashes: null,
526 verbose parsed url   auth: null,
526 verbose parsed url   host: null,
526 verbose parsed url   port: null,
526 verbose parsed url   hostname: null,
526 verbose parsed url   hash: null,
526 verbose parsed url   search: null,
526 verbose parsed url   query: null,
526 verbose parsed url   pathname: '^0.3.0',
526 verbose parsed url   path: '^0.3.0',
526 verbose parsed url   href: '^0.3.0' }
527 verbose addNamed [ 'socketwatcher', '^0.3.0' ]
528 verbose addNamed [ null, '>=0.3.0-0 <0.4.0-0' ]
529 silly lockFile 63ad4b77-socketwatcher-0-3-0 socketwatcher@^0.3.0
530 verbose lock socketwatcher@^0.3.0 /home/pi/.npm/63ad4b77-socketwatcher-0-3-0.lock
531 silly addNameRange { name: 'nan', range: '>=2.0.9-0 <3.0.0-0', hasData: false }
532 silly addNameRange { name: 'socketwatcher',
532 silly addNameRange   range: '>=0.3.0-0 <0.4.0-0',
532 silly addNameRange   hasData: false }
533 verbose request where is /nan
534 verbose request registry https://registry.npmjs.org/
535 verbose url raw /nan
536 verbose url resolving [ 'https://registry.npmjs.org/', './nan' ]
537 verbose url resolved https://registry.npmjs.org/nan
538 verbose request where is https://registry.npmjs.org/nan
539 info trying registry request attempt 1 at 20:47:44
540 verbose etag W/"5818d749-1ce1e"
541 http GET https://registry.npmjs.org/nan
542 verbose request where is /socketwatcher
543 verbose request registry https://registry.npmjs.org/
544 verbose url raw /socketwatcher
545 verbose url resolving [ 'https://registry.npmjs.org/', './socketwatcher' ]
546 verbose url resolved https://registry.npmjs.org/socketwatcher
547 verbose request where is https://registry.npmjs.org/socketwatcher
548 info trying registry request attempt 1 at 20:47:44
549 verbose etag W/"560f642c-1fd9"
550 http GET https://registry.npmjs.org/socketwatcher
551 http 304 https://registry.npmjs.org/nan
552 silly registry.get cb [ 304,
552 silly registry.get   { date: 'Sun, 20 Nov 2016 04:47:44 GMT',
552 silly registry.get     via: '1.1 varnish',
552 silly registry.get     'cache-control': 'max-age=300',
552 silly registry.get     etag: 'W/"5818d749-1ce1e"',
552 silly registry.get     age: '185',
552 silly registry.get     connection: 'keep-alive',
552 silly registry.get     'x-served-by': 'cache-sjc3624-SJC',
552 silly registry.get     'x-cache': 'HIT',
552 silly registry.get     'x-cache-hits': '4',
552 silly registry.get     'x-timer': 'S1479617264.945217,VS0,VE0',
552 silly registry.get     vary: 'Accept-Encoding' } ]
553 verbose etag https://registry.npmjs.org/nan from cache
554 http 304 https://registry.npmjs.org/socketwatcher
555 silly registry.get cb [ 304,
555 silly registry.get   { date: 'Sun, 20 Nov 2016 04:47:44 GMT',
555 silly registry.get     via: '1.1 varnish',
555 silly registry.get     'cache-control': 'max-age=300',
555 silly registry.get     etag: 'W/"560f642c-1fd9"',
555 silly registry.get     age: '0',
555 silly registry.get     connection: 'keep-alive',
555 silly registry.get     'x-served-by': 'cache-sjc3125-SJC',
555 silly registry.get     'x-cache': 'HIT',
555 silly registry.get     'x-cache-hits': '1',
555 silly registry.get     'x-timer': 'S1479617264.946576,VS0,VE22',
555 silly registry.get     vary: 'Accept-Encoding' } ]
556 verbose etag https://registry.npmjs.org/socketwatcher from cache
557 silly addNameRange number 2 { name: 'nan', range: '>=2.0.9-0 <3.0.0-0', hasData: true }
558 silly addNameRange versions [ 'nan',
558 silly addNameRange   [ '0.3.0-wip',
558 silly addNameRange     '0.3.0-wip2',
558 silly addNameRange     '0.3.0',
558 silly addNameRange     '0.3.1',
558 silly addNameRange     '0.3.2',
558 silly addNameRange     '0.4.0',
558 silly addNameRange     '0.4.1',
558 silly addNameRange     '0.4.2',
558 silly addNameRange     '0.4.3',
558 silly addNameRange     '0.4.4',
558 silly addNameRange     '0.5.0',
558 silly addNameRange     '0.5.1',
558 silly addNameRange     '0.5.2',
558 silly addNameRange     '0.6.0',
558 silly addNameRange     '0.7.0',
558 silly addNameRange     '0.7.1',
558 silly addNameRange     '0.8.0',
558 silly addNameRange     '1.0.0',
558 silly addNameRange     '1.1.0',
558 silly addNameRange     '1.1.1',
558 silly addNameRange     '1.1.2',
558 silly addNameRange     '1.2.0',
558 silly addNameRange     '1.3.0',
558 silly addNameRange     '1.4.0',
558 silly addNameRange     '1.4.1',
558 silly addNameRange     '1.5.0',
558 silly addNameRange     '1.4.2',
558 silly addNameRange     '1.4.3',
558 silly addNameRange     '1.5.1',
558 silly addNameRange     '1.5.2',
558 silly addNameRange     '1.6.0',
558 silly addNameRange     '1.5.3',
558 silly addNameRange     '1.6.1',
558 silly addNameRange     '1.6.2',
558 silly addNameRange     '1.7.0',
558 silly addNameRange     '1.8.0',
558 silly addNameRange     '1.8.1',
558 silly addNameRange     '1.8.2',
558 silly addNameRange     '1.8.3',
558 silly addNameRange     '1.8.4',
558 silly addNameRange     '1.9.0',
558 silly addNameRange     '2.0.0',
558 silly addNameRange     '2.0.1',
558 silly addNameRange     '2.0.2',
558 silly addNameRange     '2.0.3',
558 silly addNameRange     '2.0.4',
558 silly addNameRange     '2.0.5',
558 silly addNameRange     '2.0.6',
558 silly addNameRange     '2.0.7',
558 silly addNameRange     '2.0.8',
558 silly addNameRange     '2.0.9',
558 silly addNameRange     '2.1.0',
558 silly addNameRange     '2.2.0',
558 silly addNameRange     '2.2.1',
558 silly addNameRange     '2.3.0',
558 silly addNameRange     '2.3.1',
558 silly addNameRange     '2.3.2',
558 silly addNameRange     '2.3.3',
558 silly addNameRange     '2.3.4',
558 silly addNameRange     '2.3.5',
558 silly addNameRange     '2.4.0' ] ]
559 verbose addNamed [ 'nan', '2.4.0' ]
560 verbose addNamed [ '2.4.0', '2.4.0' ]
561 silly lockFile 5e286f4c-nan-2-4-0 nan@2.4.0
562 verbose lock nan@2.4.0 /home/pi/.npm/5e286f4c-nan-2-4-0.lock
563 silly addNameRange number 2 { name: 'socketwatcher',
563 silly addNameRange   range: '>=0.3.0-0 <0.4.0-0',
563 silly addNameRange   hasData: true }
564 silly addNameRange versions [ 'socketwatcher',
564 silly addNameRange   [ '0.1.0', '0.1.1', '0.1.2', '0.2.0', '0.3.0' ] ]
565 verbose addNamed [ 'socketwatcher', '0.3.0' ]
566 verbose addNamed [ '0.3.0', '0.3.0' ]
567 silly lockFile 64817ad3-socketwatcher-0-3-0 socketwatcher@0.3.0
568 verbose lock socketwatcher@0.3.0 /home/pi/.npm/64817ad3-socketwatcher-0-3-0.lock
569 silly lockFile 5e286f4c-nan-2-4-0 nan@2.4.0
570 silly lockFile 5e286f4c-nan-2-4-0 nan@2.4.0
571 silly lockFile b25895e5-nan-2-0-9 nan@^2.0.9
572 silly lockFile b25895e5-nan-2-0-9 nan@^2.0.9
573 silly lockFile 64817ad3-socketwatcher-0-3-0 socketwatcher@0.3.0
574 silly lockFile 64817ad3-socketwatcher-0-3-0 socketwatcher@0.3.0
575 silly lockFile 63ad4b77-socketwatcher-0-3-0 socketwatcher@^0.3.0
576 silly lockFile 63ad4b77-socketwatcher-0-3-0 socketwatcher@^0.3.0
577 silly resolved [ { name: 'nan',
577 silly resolved     version: '2.4.0',
577 silly resolved     description: 'Native Abstractions for Node.js: C++ header for Node 0.8 -> 6 compatibility',
577 silly resolved     main: 'include_dirs.js',
577 silly resolved     repository: { type: 'git', url: 'git://github.com/nodejs/nan.git' },
577 silly resolved     scripts:
577 silly resolved      { test: 'tap --gc --stderr test/js/*-test.js',
577 silly resolved        'rebuild-tests': 'node-gyp rebuild --msvs_version=2013 --directory test',
577 silly resolved        docs: 'doc/.build.sh' },
577 silly resolved     contributors:
577 silly resolved      [ [Object],
577 silly resolved        [Object],
577 silly resolved        [Object],
577 silly resolved        [Object],
577 silly resolved        [Object],
577 silly resolved        [Object],
577 silly resolved        [Object] ],
577 silly resolved     devDependencies:
577 silly resolved      { bindings: '~1.2.1',
577 silly resolved        commander: '^2.8.1',
577 silly resolved        glob: '^5.0.14',
577 silly resolved        'node-gyp': '~3.0.1',
577 silly resolved        'readable-stream': '^2.1.4',
577 silly resolved        tap: '~0.7.1',
577 silly resolved        xtend: '~4.0.0' },
577 silly resolved     license: 'MIT',
577 silly resolved     bugs: { url: 'https://github.com/nodejs/nan/issues' },
577 silly resolved     homepage: 'https://github.com/nodejs/nan#readme',
577 silly resolved     _id: 'nan@2.4.0',
577 silly resolved     _shasum: 'fb3c59d45fe4effe215f0b890f8adf6eb32d2232',
577 silly resolved     _resolved: 'https://registry.npmjs.org/nan/-/nan-2.4.0.tgz',
577 silly resolved     _from: 'nan@^2.0.9',
577 silly resolved     _npmVersion: '3.3.6',
577 silly resolved     _nodeVersion: '5.0.0',
577 silly resolved     _npmUser: { name: 'kkoopa', email: 'bbyholm@abo.fi' },
577 silly resolved     dist:
577 silly resolved      { shasum: 'fb3c59d45fe4effe215f0b890f8adf6eb32d2232',
577 silly resolved        tarball: 'https://registry.npmjs.org/nan/-/nan-2.4.0.tgz' },
577 silly resolved     maintainers: [ [Object], [Object] ],
577 silly resolved     _npmOperationalInternal:
577 silly resolved      { host: 'packages-16-east.internal.npmjs.com',
577 silly resolved        tmp: 'tmp/nan-2.4.0.tgz_1468158679820_0.6951719264034182' },
577 silly resolved     directories: {},
577 silly resolved     readme: 'ERROR: No README data found!' },
577 silly resolved   { name: 'socketwatcher',
577 silly resolved     version: '0.3.0',
577 silly resolved     main: './build/Release/socketwatcher.node',
577 silly resolved     description: 'Binding for uv_poll and replacement for IOWatcher',
577 silly resolved     scripts: { test: 'true', install: 'node-gyp rebuild' },
577 silly resolved     keywords: [ 'IOWatcher', 'uv_poll', 'uv_poll_t', 'file descriptor', 'fd' ],
577 silly resolved     homepage: 'https://github.com/btrask/node-socketwatcher/',
577 silly resolved     bugs:
577 silly resolved      { url: 'https://github.com/btrask/node-socketwatcher/issues',
577 silly resolved        email: 'bentrastk@comcast.net' },
577 silly resolved     license: 'MIT',
577 silly resolved     contributors: [ [Object], [Object] ],
577 silly resolved     maintainers: [ [Object], [Object] ],
577 silly resolved     engines: { node: '>=4' },
577 silly resolved     repository:
577 silly resolved      { type: 'git',
577 silly resolved        url: 'git://github.com/btrask/node-socketwatcher.git' },
577 silly resolved     gypfile: true,
577 silly resolved     dependencies: { nan: '^2.0.9' },
577 silly resolved     gitHead: '8c9c552a8c48c361d3258817a9cf8a53c21d8b90',
577 silly resolved     _id: 'socketwatcher@0.3.0',
577 silly resolved     _shasum: '49e5614058fcaab19d640b374225a4eea4b4b78a',
577 silly resolved     _from: 'socketwatcher@^0.3.0',
577 silly resolved     _npmVersion: '2.14.3',
577 silly resolved     _nodeVersion: '4.1.0',
577 silly resolved     _npmUser: { name: 'ide', email: 'ide+npm@jameside.com' },
577 silly resolved     dist:
577 silly resolved      { shasum: '49e5614058fcaab19d640b374225a4eea4b4b78a',
577 silly resolved        tarball: 'https://registry.npmjs.org/socketwatcher/-/socketwatcher-0.3.0.tgz' },
577 silly resolved     directories: {},
577 silly resolved     _resolved: 'https://registry.npmjs.org/socketwatcher/-/socketwatcher-0.3.0.tgz',
577 silly resolved     readme: 'ERROR: No README data found!' } ]
578 info install nan@2.4.0 into /var/www/scripts/node_modules/node-dash-button/node_modules/pcap
579 info install socketwatcher@0.3.0 into /var/www/scripts/node_modules/node-dash-button/node_modules/pcap
580 info installOne nan@2.4.0
581 info installOne socketwatcher@0.3.0
582 warn engine socketwatcher@0.3.0: wanted: {"node":">=4"} (current: {"node":"0.10.29","npm":"1.4.21"})
583 verbose node_modules/node-dash-button/node_modules/pcap/node_modules/nan unbuild
584 verbose node_modules/node-dash-button/node_modules/pcap/node_modules/socketwatcher unbuild
585 verbose tar unpack /home/pi/.npm/nan/2.4.0/package.tgz
586 silly lockFile be8eca1a-de-modules-pcap-node-modules-nan tar:///var/www/scripts/node_modules/node-dash-button/node_modules/pcap/node_modules/nan
587 verbose lock tar:///var/www/scripts/node_modules/node-dash-button/node_modules/pcap/node_modules/nan /home/pi/.npm/be8eca1a-de-modules-pcap-node-modules-nan.lock
588 silly lockFile 12d9b3d1-ome-pi-npm-nan-2-4-0-package-tgz tar:///home/pi/.npm/nan/2.4.0/package.tgz
589 verbose lock tar:///home/pi/.npm/nan/2.4.0/package.tgz /home/pi/.npm/12d9b3d1-ome-pi-npm-nan-2-4-0-package-tgz.lock
590 verbose tar unpack /home/pi/.npm/socketwatcher/0.3.0/package.tgz
591 silly lockFile fa677da6--pcap-node-modules-socketwatcher tar:///var/www/scripts/node_modules/node-dash-button/node_modules/pcap/node_modules/socketwatcher
592 verbose lock tar:///var/www/scripts/node_modules/node-dash-button/node_modules/pcap/node_modules/socketwatcher /home/pi/.npm/fa677da6--pcap-node-modules-socketwatcher.lock
593 silly lockFile ea67151e--socketwatcher-0-3-0-package-tgz tar:///home/pi/.npm/socketwatcher/0.3.0/package.tgz
594 verbose lock tar:///home/pi/.npm/socketwatcher/0.3.0/package.tgz /home/pi/.npm/ea67151e--socketwatcher-0-3-0-package-tgz.lock
595 silly gunzTarPerm modes [ '755', '644' ]
596 silly gunzTarPerm modes [ '755', '644' ]
597 silly gunzTarPerm extractEntry package.json
598 silly gunzTarPerm modified mode [ 'package.json', 436, 420 ]
599 silly gunzTarPerm extractEntry package.json
600 silly gunzTarPerm extractEntry README.md
601 silly gunzTarPerm modified mode [ 'README.md', 436, 420 ]
602 silly gunzTarPerm extractEntry include_dirs.js
603 silly gunzTarPerm modified mode [ 'include_dirs.js', 436, 420 ]
604 silly gunzTarPerm extractEntry .npmignore
605 silly gunzTarPerm extractEntry README.md
606 silly gunzTarPerm extractEntry nan_callbacks_pre_12_inl.h
607 silly gunzTarPerm modified mode [ 'nan_callbacks_pre_12_inl.h', 436, 420 ]
608 silly gunzTarPerm extractEntry CHANGELOG.md
609 silly gunzTarPerm modified mode [ 'CHANGELOG.md', 436, 420 ]
610 silly gunzTarPerm extractEntry LICENSE
611 silly gunzTarPerm extractEntry binding.gyp
612 silly gunzTarPerm extractEntry socket_watcher.hpp
613 silly gunzTarPerm extractEntry .travis.yml
614 silly gunzTarPerm extractEntry socket_watcher.cpp
615 silly gunzTarPerm extractEntry wscript
616 silly gunzTarPerm extractEntry LICENSE.md
617 silly gunzTarPerm modified mode [ 'LICENSE.md', 436, 420 ]
618 silly gunzTarPerm extractEntry doc/node_misc.md
619 silly gunzTarPerm modified mode [ 'doc/node_misc.md', 436, 420 ]
620 silly gunzTarPerm extractEntry doc/asyncworker.md
621 silly gunzTarPerm modified mode [ 'doc/asyncworker.md', 436, 420 ]
622 silly gunzTarPerm extractEntry doc/callback.md
623 silly gunzTarPerm modified mode [ 'doc/callback.md', 436, 420 ]
624 silly lockFile fa677da6--pcap-node-modules-socketwatcher tar:///var/www/scripts/node_modules/node-dash-button/node_modules/pcap/node_modules/socketwatcher
625 silly lockFile fa677da6--pcap-node-modules-socketwatcher tar:///var/www/scripts/node_modules/node-dash-button/node_modules/pcap/node_modules/socketwatcher
626 silly lockFile ea67151e--socketwatcher-0-3-0-package-tgz tar:///home/pi/.npm/socketwatcher/0.3.0/package.tgz
627 silly lockFile ea67151e--socketwatcher-0-3-0-package-tgz tar:///home/pi/.npm/socketwatcher/0.3.0/package.tgz
628 info preinstall socketwatcher@0.3.0
629 verbose readDependencies using package.json deps
630 verbose readDependencies using package.json deps
631 silly resolved []
632 verbose about to build /var/www/scripts/node_modules/node-dash-button/node_modules/pcap/node_modules/socketwatcher
633 info build /var/www/scripts/node_modules/node-dash-button/node_modules/pcap/node_modules/socketwatcher
634 verbose linkStuff [ false,
634 verbose linkStuff   false,
634 verbose linkStuff   false,
634 verbose linkStuff   '/var/www/scripts/node_modules/node-dash-button/node_modules/pcap/node_modules' ]
635 info linkStuff socketwatcher@0.3.0
636 verbose linkBins socketwatcher@0.3.0
637 verbose linkMans socketwatcher@0.3.0
638 verbose rebuildBundles socketwatcher@0.3.0
639 info install socketwatcher@0.3.0
640 verbose unsafe-perm in lifecycle true
641 silly gunzTarPerm extractEntry doc/converters.md
642 silly gunzTarPerm modified mode [ 'doc/converters.md', 436, 420 ]
643 silly gunzTarPerm extractEntry doc/errors.md
644 silly gunzTarPerm modified mode [ 'doc/errors.md', 436, 420 ]
645 silly gunzTarPerm extractEntry doc/maybe_types.md
646 silly gunzTarPerm modified mode [ 'doc/maybe_types.md', 436, 420 ]
647 silly gunzTarPerm extractEntry doc/methods.md
648 silly gunzTarPerm modified mode [ 'doc/methods.md', 436, 420 ]
649 silly gunzTarPerm extractEntry doc/new.md
650 silly gunzTarPerm modified mode [ 'doc/new.md', 436, 420 ]
651 silly gunzTarPerm extractEntry doc/buffers.md
652 silly gunzTarPerm modified mode [ 'doc/buffers.md', 436, 420 ]
653 silly gunzTarPerm extractEntry doc/object_wrappers.md
654 silly gunzTarPerm modified mode [ 'doc/object_wrappers.md', 436, 420 ]
655 silly gunzTarPerm extractEntry doc/persistent.md
656 silly gunzTarPerm modified mode [ 'doc/persistent.md', 436, 420 ]
657 silly gunzTarPerm extractEntry doc/scopes.md
658 silly gunzTarPerm modified mode [ 'doc/scopes.md', 436, 420 ]
659 silly gunzTarPerm extractEntry doc/script.md
660 silly gunzTarPerm modified mode [ 'doc/script.md', 436, 420 ]
661 silly gunzTarPerm extractEntry doc/string_bytes.md
662 silly gunzTarPerm modified mode [ 'doc/string_bytes.md', 436, 420 ]
663 silly gunzTarPerm extractEntry doc/v8_internals.md
664 silly gunzTarPerm modified mode [ 'doc/v8_internals.md', 436, 420 ]
665 silly gunzTarPerm extractEntry doc/v8_misc.md
666 silly gunzTarPerm modified mode [ 'doc/v8_misc.md', 436, 420 ]
667 silly gunzTarPerm extractEntry nan.h
668 silly gunzTarPerm modified mode [ 'nan.h', 436, 420 ]
669 silly gunzTarPerm extractEntry nan_callbacks.h
670 silly gunzTarPerm modified mode [ 'nan_callbacks.h', 436, 420 ]
671 silly gunzTarPerm extractEntry nan_callbacks_12_inl.h
672 silly gunzTarPerm modified mode [ 'nan_callbacks_12_inl.h', 436, 420 ]
673 silly gunzTarPerm extractEntry nan_converters.h
674 silly gunzTarPerm modified mode [ 'nan_converters.h', 436, 420 ]
675 silly gunzTarPerm extractEntry nan_converters_43_inl.h
676 silly gunzTarPerm modified mode [ 'nan_converters_43_inl.h', 436, 420 ]
677 silly gunzTarPerm extractEntry nan_converters_pre_43_inl.h
678 silly gunzTarPerm modified mode [ 'nan_converters_pre_43_inl.h', 436, 420 ]
679 silly gunzTarPerm extractEntry nan_implementation_12_inl.h
680 silly gunzTarPerm modified mode [ 'nan_implementation_12_inl.h', 436, 420 ]
681 silly gunzTarPerm extractEntry nan_implementation_pre_12_inl.h
682 silly gunzTarPerm modified mode [ 'nan_implementation_pre_12_inl.h', 436, 420 ]
683 silly gunzTarPerm extractEntry nan_maybe_43_inl.h
684 silly gunzTarPerm modified mode [ 'nan_maybe_43_inl.h', 436, 420 ]
685 silly gunzTarPerm extractEntry nan_maybe_pre_43_inl.h
686 silly gunzTarPerm modified mode [ 'nan_maybe_pre_43_inl.h', 436, 420 ]
687 silly gunzTarPerm extractEntry nan_new.h
688 silly gunzTarPerm modified mode [ 'nan_new.h', 436, 420 ]
689 silly gunzTarPerm extractEntry nan_object_wrap.h
690 silly gunzTarPerm modified mode [ 'nan_object_wrap.h', 436, 420 ]
691 silly gunzTarPerm extractEntry nan_persistent_12_inl.h
692 silly gunzTarPerm modified mode [ 'nan_persistent_12_inl.h', 436, 420 ]
693 silly gunzTarPerm extractEntry nan_persistent_pre_12_inl.h
694 silly gunzTarPerm modified mode [ 'nan_persistent_pre_12_inl.h', 436, 420 ]
695 silly gunzTarPerm extractEntry nan_string_bytes.h
696 silly gunzTarPerm modified mode [ 'nan_string_bytes.h', 436, 420 ]
697 silly gunzTarPerm extractEntry nan_typedarray_contents.h
698 silly gunzTarPerm modified mode [ 'nan_typedarray_contents.h', 436, 420 ]
699 silly gunzTarPerm extractEntry nan_weak.h
700 silly gunzTarPerm modified mode [ 'nan_weak.h', 436, 420 ]
701 silly gunzTarPerm extractEntry tools/package.json
702 silly gunzTarPerm modified mode [ 'tools/package.json', 436, 420 ]
703 silly gunzTarPerm extractEntry tools/README.md
704 silly gunzTarPerm modified mode [ 'tools/README.md', 436, 420 ]
705 silly gunzTarPerm extractEntry tools/1to2.js
706 silly gunzTarPerm modified mode [ 'tools/1to2.js', 509, 493 ]
707 silly lockFile be8eca1a-de-modules-pcap-node-modules-nan tar:///var/www/scripts/node_modules/node-dash-button/node_modules/pcap/node_modules/nan
708 silly lockFile be8eca1a-de-modules-pcap-node-modules-nan tar:///var/www/scripts/node_modules/node-dash-button/node_modules/pcap/node_modules/nan
709 silly lockFile 12d9b3d1-ome-pi-npm-nan-2-4-0-package-tgz tar:///home/pi/.npm/nan/2.4.0/package.tgz
710 silly lockFile 12d9b3d1-ome-pi-npm-nan-2-4-0-package-tgz tar:///home/pi/.npm/nan/2.4.0/package.tgz
711 info preinstall nan@2.4.0
712 verbose readDependencies using package.json deps
713 verbose readDependencies using package.json deps
714 silly resolved []
715 verbose about to build /var/www/scripts/node_modules/node-dash-button/node_modules/pcap/node_modules/nan
716 info build /var/www/scripts/node_modules/node-dash-button/node_modules/pcap/node_modules/nan
717 verbose linkStuff [ false,
717 verbose linkStuff   false,
717 verbose linkStuff   false,
717 verbose linkStuff   '/var/www/scripts/node_modules/node-dash-button/node_modules/pcap/node_modules' ]
718 info linkStuff nan@2.4.0
719 verbose linkBins nan@2.4.0
720 verbose linkMans nan@2.4.0
721 verbose rebuildBundles nan@2.4.0
722 info install nan@2.4.0
723 info postinstall nan@2.4.0
724 info socketwatcher@0.3.0 Failed to exec install script
725 verbose node_modules/node-dash-button/node_modules/pcap/node_modules/socketwatcher unbuild
726 warn This failure might be due to the use of legacy binary "node"
727 warn For further explanations, please read
/usr/share/doc/nodejs/README.Debian
728 info preuninstall socketwatcher@0.3.0
729 info uninstall socketwatcher@0.3.0
730 verbose false,/var/www/scripts/node_modules,/var/www/scripts/node_modules/node-dash-button/node_modules/pcap/node_modules unbuild socketwatcher@0.3.0
731 info postuninstall socketwatcher@0.3.0
732 verbose about to build /var/www/scripts/node_modules/node-dash-button/node_modules/pcap
733 verbose node_modules/node-dash-button/node_modules/pcap unbuild
734 info preuninstall pcap@2.0.0
735 info uninstall pcap@2.0.0
736 verbose false,/var/www/scripts/node_modules,/var/www/scripts/node_modules/node-dash-button/node_modules unbuild pcap@2.0.0
737 info postuninstall pcap@2.0.0
738 verbose about to build /var/www/scripts/node_modules/node-dash-button
739 verbose node_modules/node-dash-button unbuild
740 info preuninstall node-dash-button@0.6.1
741 info uninstall node-dash-button@0.6.1
742 verbose true,/var/www/scripts/node_modules,/var/www/scripts/node_modules unbuild node-dash-button@0.6.1
743 verbose /var/www/scripts/node_modules/.bin,[object Object] binRoot
744 info postuninstall node-dash-button@0.6.1
745 error socketwatcher@0.3.0 install: `node-gyp rebuild`
745 error Exit status 1
746 error Failed at the socketwatcher@0.3.0 install script.
746 error This is most likely a problem with the socketwatcher package,
746 error not with npm itself.
746 error Tell the author that this fails on your system:
746 error     node-gyp rebuild
746 error You can get their info via:
746 error     npm owner ls socketwatcher
746 error There is likely additional logging output above.
747 error System Linux 4.1.19-v7+
748 error command "/usr/bin/nodejs" "/usr/bin/npm" "install" "node-dash-button"
749 error cwd /var/www/scripts
750 error node -v v0.10.29
751 error npm -v 1.4.21
752 error code ELIFECYCLE
753 verbose exit [ 1, true ]
